# JRE version: Java(TM) SE Runtime Environment (8.0_191-b12) (build 1.8.0_191-b12)
# Java VM: Java HotSpot(TM) 64-Bit Server VM (25.191-b12 mixed mode windows-amd64 compressed oops)
Heap:
 PSYoungGen      total 75776K, used 32710K [0x000000076b780000, 0x0000000770c00000, 0x00000007c0000000)
  eden space 65024K, 33% used [0x000000076b780000,0x000000076ccf2708,0x000000076f700000)
  from space 10752K, 99% used [0x0000000770180000,0x0000000770bff3f0,0x0000000770c00000)
  to   space 10752K, 0% used [0x000000076f700000,0x000000076f700000,0x0000000770180000)
 ParOldGen       total 173568K, used 1055K [0x00000006c2600000, 0x00000006ccf80000, 0x000000076b780000)
  object space 173568K, 0% used [0x00000006c2600000,0x00000006c2707fa8,0x00000006ccf80000)
 Metaspace       used 15800K, capacity 16136K, committed 16384K, reserved 1062912K
  class space    used 1900K, capacity 2011K, committed 2048K, reserved 1048576K
GC Heap History (4 events):
Event: 0.715 GC heap before
{Heap before GC invocations=1 (full 0):
 PSYoungGen      total 75776K, used 65024K [0x000000076b780000, 0x0000000770c00000, 0x00000007c0000000)
  eden space 65024K, 100% used [0x000000076b780000,0x000000076f700000,0x000000076f700000)
  from space 10752K, 0% used [0x0000000770180000,0x0000000770180000,0x0000000770c00000)
  to   space 10752K, 0% used [0x000000076f700000,0x000000076f700000,0x0000000770180000)
 ParOldGen       total 173568K, used 0K [0x00000006c2600000, 0x00000006ccf80000, 0x000000076b780000)
  object space 173568K, 0% used [0x00000006c2600000,0x00000006c2600000,0x00000006ccf80000)
 Metaspace       used 11108K, capacity 11342K, committed 11520K, reserved 1058816K
  class space    used 1342K, capacity 1415K, committed 1536K, reserved 1048576K
Event: 0.720 GC heap after
Heap after GC invocations=1 (full 0):
 PSYoungGen      total 75776K, used 8721K [0x000000076b780000, 0x0000000770c00000, 0x00000007c0000000)
  eden space 65024K, 0% used [0x000000076b780000,0x000000076b780000,0x000000076f700000)
  from space 10752K, 81% used [0x000000076f700000,0x000000076ff84520,0x0000000770180000)
  to   space 10752K, 0% used [0x0000000770180000,0x0000000770180000,0x0000000770c00000)
 ParOldGen       total 173568K, used 16K [0x00000006c2600000, 0x00000006ccf80000, 0x000000076b780000)
  object space 173568K, 0% used [0x00000006c2600000,0x00000006c2604000,0x00000006ccf80000)
 Metaspace       used 11108K, capacity 11342K, committed 11520K, reserved 1058816K
  class space    used 1342K, capacity 1415K, committed 1536K, reserved 1048576K
}
Event: 1.211 GC heap before
{Heap before GC invocations=2 (full 0):
 PSYoungGen      total 75776K, used 73740K [0x000000076b780000, 0x0000000770c00000, 0x00000007c0000000)
  eden space 65024K, 99% used [0x000000076b780000,0x000000076f6fed80,0x000000076f700000)
  from space 10752K, 81% used [0x000000076f700000,0x000000076ff84520,0x0000000770180000)
  to   space 10752K, 0% used [0x0000000770180000,0x0000000770180000,0x0000000770c00000)
 ParOldGen       total 173568K, used 16K [0x00000006c2600000, 0x00000006ccf80000, 0x000000076b780000)
  object space 173568K, 0% used [0x00000006c2600000,0x00000006c2604000,0x00000006ccf80000)
 Metaspace       used 15507K, capacity 15816K, committed 16128K, reserved 1062912K
  class space    used 1889K, capacity 2011K, committed 2048K, reserved 1048576K
Event: 1.218 GC heap after
Heap after GC invocations=2 (full 0):
 PSYoungGen      total 75776K, used 10748K [0x000000076b780000, 0x0000000770c00000, 0x00000007c0000000)
  eden space 65024K, 0% used [0x000000076b780000,0x000000076b780000,0x000000076f700000)
  from space 10752K, 99% used [0x0000000770180000,0x0000000770bff3f0,0x0000000770c00000)
  to   space 10752K, 0% used [0x000000076f700000,0x000000076f700000,0x0000000770180000)
 ParOldGen       total 173568K, used 1055K [0x00000006c2600000, 0x00000006ccf80000, 0x000000076b780000)
  object space 173568K, 0% used [0x00000006c2600000,0x00000006c2707fa8,0x00000006ccf80000)
 Metaspace       used 15507K, capacity 15816K, committed 16128K, reserved 1062912K
  class space    used 1889K, capacity 2011K, committed 2048K, reserved 1048576K
}

